

*******************************************************************************
Wed May 12 11:33:23 2021


FIT:    data read from file u 2:4
        format = x:z
        x range restricted to [0.00000 : 0.200000]
        #datapoints = 4
        residuals are weighted equally (unit weight)

function used for fitting: y(x)
	y(x)=m*x+c
fitted parameters initialized with current variable values

iter      chisq       delta/lim  lambda   m             c            
   0 9.2829193576e-02   0.00e+00  1.23e-03    1.806873e-02  -7.618126e-06
   5 1.0166275496e-04  -2.37e-01  1.23e-08    1.586722e+00   1.078356e-03

After 5 iterations the fit converged.
final sum of squares of residuals : 0.000101663
rel. change during last iteration : -2.36657e-06

degrees of freedom    (FIT_NDF)                        : 2
rms of residuals      (FIT_STDFIT) = sqrt(WSSR/ndf)    : 0.00712961
variance of residuals (reduced chisquare) = WSSR/ndf   : 5.08314e-05

Final set of parameters            Asymptotic Standard Error
=======================            ==========================
m               = 1.58672          +/- 0.06305      (3.973%)
c               = 0.00107836       +/- 0.006084     (564.2%)

correlation matrix of the fit parameters:
                m      c      
m               1.000 
c              -0.810  1.000 


*******************************************************************************
Wed May 12 11:43:38 2021


FIT:    data read from file u 2:4
        format = x:z
        x range restricted to [0.00000 : 0.125000]
        #datapoints = 3
        residuals are weighted equally (unit weight)

function used for fitting: y(x)
	y(x)=m*x+c
fitted parameters initialized with current variable values

iter      chisq       delta/lim  lambda   m             c            
   0 7.1338036289e-05   0.00e+00  7.62e-02    1.586722e+00   1.078356e-03
   5 4.6149379395e-06  -5.40e-01  7.62e-07    1.689806e+00  -2.576994e-03

After 5 iterations the fit converged.
final sum of squares of residuals : 4.61494e-06
rel. change during last iteration : -5.3984e-06

degrees of freedom    (FIT_NDF)                        : 1
rms of residuals      (FIT_STDFIT) = sqrt(WSSR/ndf)    : 0.00214824
variance of residuals (reduced chisquare) = WSSR/ndf   : 4.61494e-06

Final set of parameters            Asymptotic Standard Error
=======================            ==========================
m               = 1.68981          +/- 0.02943      (1.742%)
c               = -0.00257699      +/- 0.001999     (77.57%)

correlation matrix of the fit parameters:
                m      c      
m               1.000 
c              -0.784  1.000 


*******************************************************************************
Wed May 12 11:59:22 2021


FIT:    data read from file u 2:4
        format = x:z
        x range restricted to [0.00000 : 0.125000]
        #datapoints = 3
        residuals are weighted equally (unit weight)

function used for fitting: y(x)
	y(x)=m*x+c
fitted parameters initialized with current variable values

iter      chisq       delta/lim  lambda   m             c            
   0 1.2188197603e-05   0.00e+00  8.54e-02    1.689806e+00  -2.576994e-03
   5 2.7636609828e-07  -3.72e-05  8.54e-07    1.663313e+00  -2.702745e-03

After 5 iterations the fit converged.
final sum of squares of residuals : 2.76366e-07
rel. change during last iteration : -3.72059e-10

degrees of freedom    (FIT_NDF)                        : 1
rms of residuals      (FIT_STDFIT) = sqrt(WSSR/ndf)    : 0.000525705
variance of residuals (reduced chisquare) = WSSR/ndf   : 2.76366e-07

Final set of parameters            Asymptotic Standard Error
=======================            ==========================
m               = 1.66331          +/- 0.006879     (0.4136%)
c               = -0.00270275      +/- 0.0004913    (18.18%)

correlation matrix of the fit parameters:
                m      c      
m               1.000 
c              -0.786  1.000 


*******************************************************************************
Wed May 12 12:08:00 2021


FIT:    data read from file u 2:4
        format = x:z
        x range restricted to [0.00000 : 0.125000]
        #datapoints = 3
        residuals are weighted equally (unit weight)

function used for fitting: y(x)
	y(x)=m*x+c
fitted parameters initialized with current variable values

iter      chisq       delta/lim  lambda   m             c            
   0 1.2229177241e-02   0.00e+00  8.09e-02    1.663313e+00  -2.702745e-03
   5 6.0916152942e-07  -3.93e-03  8.09e-07    7.054599e-01  -1.139910e-04

After 5 iterations the fit converged.
final sum of squares of residuals : 6.09162e-07
rel. change during last iteration : -3.9331e-08

degrees of freedom    (FIT_NDF)                        : 1
rms of residuals      (FIT_STDFIT) = sqrt(WSSR/ndf)    : 0.000780488
variance of residuals (reduced chisquare) = WSSR/ndf   : 6.09162e-07

Final set of parameters            Asymptotic Standard Error
=======================            ==========================
m               = 0.70546          +/- 0.01093      (1.549%)
c               = -0.000113991     +/- 0.0007517    (659.5%)

correlation matrix of the fit parameters:
                m      c      
m               1.000 
c              -0.800  1.000 


*******************************************************************************
Wed May 12 13:46:56 2021


FIT:    data read from file ev ::2 u (tmp($2,$4)):(pwr($2,$4)):(tmp_err($2,$4,$3,$5))
        format = x:z:s
        #datapoints = 24
function used for fitting: sbl(x)+fou(x)
	sbl(t) = ac * 1.0e-14 * (t**a - ta**a)
	fou(t) = bc * 1e-3 * (t - ta)**b
BREAK: Need via and either parameter list or file

*******************************************************************************
Wed May 12 13:47:05 2021


FIT:    data read from file ev ::2 u (tmp($2,$4)):(pwr($2,$4)):(tmp_err($2,$4,$3,$5))
        format = x:z:s
        #datapoints = 24
function used for fitting: sbl(x)+fou(x)
	sbl(t) = ac * 1.0e-14 * (t**a - ta**a)
	fou(t) = bc * 1e-3 * (t - ta)**b
fitted parameters initialized with current variable values

iter      chisq       delta/lim  lambda   ac            a             bc            b            
   0 1.7831349414e+05   0.00e+00  3.65e+01    7.500000e-01   4.000000e+00   9.000000e-01   1.000000e+00
 604 1.4122149859e-02  -9.84e-01  3.65e-01    1.211841e+00   4.499272e+00   5.297790e-03   1.827128e+00

After 604 iterations the fit converged.
final sum of squares of residuals : 0.0141221
rel. change during last iteration : -9.83532e-06

degrees of freedom    (FIT_NDF)                        : 20
rms of residuals      (FIT_STDFIT) = sqrt(WSSR/ndf)    : 0.0265727
variance of residuals (reduced chisquare) = WSSR/ndf   : 0.000706107
p-value of the Chisq distribution (FIT_P)              : 1

Final set of parameters            Asymptotic Standard Error
=======================            ==========================
ac              = 1.21184          +/- 2.517        (207.7%)
a               = 4.49927          +/- 0.2448       (5.44%)
bc              = 0.00529779       +/- 0.00994      (187.6%)
b               = 1.82713          +/- 0.2998       (16.41%)

correlation matrix of the fit parameters:
                ac     a      bc     b      
ac              1.000 
a              -1.000  1.000 
bc              0.975 -0.974  1.000 
b              -0.981  0.979 -1.000  1.000 


*******************************************************************************
Wed May 12 13:50:17 2021


FIT:    data read from file ev ::2 u (tmp($2,$4)):(pwr($2,$4))
        format = x:z
        x range restricted to [0.00000 : 2400.00]
        #datapoints = 24
        residuals are weighted equally (unit weight)

function used for fitting: sbl(x)+fou(x)
	sbl(t) = ac * 1.0e-14 * (t**a - ta**a)
	fou(t) = bc * 1e-3 * (t - ta)**b
fitted parameters initialized with current variable values

iter      chisq       delta/lim  lambda   ac            a             bc            b            
   0 4.1024431418e-02   0.00e+00  1.27e+02    1.211841e+00   4.499272e+00   5.297790e-03   1.827128e+00
2173 4.5790550107e-03  -7.84e-01  1.27e-04    5.097811e+01   4.044777e+00   8.110968e-01   1.005744e+00

After 2173 iterations the fit converged.
final sum of squares of residuals : 0.00457906
rel. change during last iteration : -7.84289e-06

degrees of freedom    (FIT_NDF)                        : 20
rms of residuals      (FIT_STDFIT) = sqrt(WSSR/ndf)    : 0.0151312
variance of residuals (reduced chisquare) = WSSR/ndf   : 0.000228953

Final set of parameters            Asymptotic Standard Error
=======================            ==========================
ac              = 50.9781          +/- 10.34        (20.29%)
a               = 4.04478          +/- 0.02481      (0.6133%)
bc              = 0.811097         +/- 0.3186       (39.28%)
b               = 1.00574          +/- 0.06424      (6.387%)

correlation matrix of the fit parameters:
                ac     a      bc     b      
ac              1.000 
a              -1.000  1.000 
bc              0.895 -0.891  1.000 
b              -0.917  0.913 -0.999  1.000 


*******************************************************************************
Wed May 12 14:08:11 2021


FIT:    data read from file ev ::2 u (tmp($2,$4)):(pwr($2,$4))
        format = x:z
        #datapoints = 24
        residuals are weighted equally (unit weight)

function used for fitting: sbl(x)+fou(x)
	sbl(t) = ac * 1.0e-14 * (t**a - ta**a)
	fou(t) = bc * 1e-3 * (t - ta)**b
fitted parameters initialized with current variable values

iter      chisq       delta/lim  lambda   ac            a             bc            b            
   0 9.7000866992e+02   0.00e+00  1.51e+02    5.097811e+01   4.044777e+00   8.110968e-01   1.005744e+00
  87 7.2469812813e-04  -8.31e-01  1.51e-02    1.347884e+01   4.092213e+00   3.531763e-01   1.060976e+00

After 87 iterations the fit converged.
final sum of squares of residuals : 0.000724698
rel. change during last iteration : -8.30736e-06

degrees of freedom    (FIT_NDF)                        : 20
rms of residuals      (FIT_STDFIT) = sqrt(WSSR/ndf)    : 0.00601954
variance of residuals (reduced chisquare) = WSSR/ndf   : 3.62349e-05

Final set of parameters            Asymptotic Standard Error
=======================            ==========================
ac              = 13.4788          +/- 2.837        (21.05%)
a               = 4.09221          +/- 0.02568      (0.6276%)
bc              = 0.353176         +/- 0.0861       (24.38%)
b               = 1.06098          +/- 0.03981      (3.752%)

correlation matrix of the fit parameters:
                ac     a      bc     b      
ac              1.000 
a              -1.000  1.000 
bc              0.896 -0.891  1.000 
b              -0.918  0.913 -0.999  1.000 
