

*******************************************************************************
Sun Apr 18 21:31:01 2021


FIT:    data read from file every::2::26 using (temp($1,$3)):(pwr($1,$3))
        format = x:z


*******************************************************************************
Sun Apr 18 21:31:06 2021


FIT:    data read from file every::2::26 using (tmp($1,$3)):(pwr($1,$3))
        format = x:z
        #datapoints = 25
        residuals are weighted equally (unit weight)

function used for fitting: sbl(x)+fou(x)
	sbl(t) = ac * 1.0e-14 * (t**a - ta**a)
	fou(t) = bc * 1e-3 * (t - ta)**b
fitted parameters initialized with current variable values

iter      chisq       delta/lim  lambda   ac            a             bc            b            
   0 2.3871551367e+03   0.00e+00  4.84e+00    7.500000e-01   4.000000e+00   9.000000e-01   1.000000e+00
2407 5.9378223768e-03  -1.45e-01  4.84e-09    1.795934e+02   3.901287e+00   8.765130e+00   6.371447e-01

After 2407 iterations the fit converged.
final sum of squares of residuals : 0.00593782
rel. change during last iteration : -1.44719e-06

degrees of freedom    (FIT_NDF)                        : 21
rms of residuals      (FIT_STDFIT) = sqrt(WSSR/ndf)    : 0.0168153
variance of residuals (reduced chisquare) = WSSR/ndf   : 0.000282753

Final set of parameters            Asymptotic Standard Error
=======================            ==========================
ac              = 179.593          +/- 23.92        (13.32%)
a               = 3.90129          +/- 0.01652      (0.4234%)
bc              = 8.76513          +/- 2.84         (32.4%)
b               = 0.637145         +/- 0.05337      (8.377%)

correlation matrix of the fit parameters:
                ac     a      bc     b      
ac              1.000 
a              -1.000  1.000 
bc              0.842 -0.837  1.000 
b              -0.875  0.870 -0.998  1.000 
